
  ___  ____  ____  ____  ____ ©
 /__    /   ____/   /   ____/      17.0
___/   /   /___/   /   /___/       SE—Standard Edition

 Statistics and Data Science       Copyright 1985-2021 StataCorp LLC
                                   StataCorp
                                   4905 Lakeway Drive
                                   College Station, Texas 77845 USA
                                   800-STATA-PC        https://www.stata.com
                                   979-696-4600        stata@stata.com

Stata license: Unlimited-user , expiring 19 Feb 2023
Serial number: 401709301093
  Licensed to: Yuci Zhou
               Princeton University

Notes:
      1. Stata is running in batch mode.
      2. Unicode is supported; see help unicode_advice.
      3. Maximum number of variables is set to 5,000; see help set_maxvar.

. do "prob1_delta.do" 

. clear all

. 
. program main
  1.     import delimited ../raw/mroz.csv, clear
  2.     probit part kidslt6 age educ nwifeinc, robust
  3.     margins, dydx(educ) atmeans
  4.     margins, dydx(educ)
  5. end

. 
. * Execute
. main
(encoding automatically selected: ISO-8859-2)
(5 vars, 753 obs)

Iteration 0:   log pseudolikelihood =  -514.8732  
Iteration 1:   log pseudolikelihood = -454.83779  
Iteration 2:   log pseudolikelihood =  -454.6605  
Iteration 3:   log pseudolikelihood = -454.66047  

Probit regression                                       Number of obs =    753
                                                        Wald chi2(4)  =  99.37
                                                        Prob > chi2   = 0.0000
Log pseudolikelihood = -454.66047                       Pseudo R2     = 0.1169

------------------------------------------------------------------------------
             |               Robust
        part | Coefficient  std. err.      z    P>|z|     [95% conf. interval]
-------------+----------------------------------------------------------------
     kidslt6 |   -.880321   .1153324    -7.63   0.000    -1.106368   -.6542737
         age |  -.0314113   .0068195    -4.61   0.000    -.0447773   -.0180452
        educ |   .1583927   .0239615     6.61   0.000     .1114291    .2053564
    nwifeinc |  -.0213062   .0049143    -4.34   0.000    -.0309382   -.0116743
       _cons |   .2153685   .4139625     0.52   0.603     -.595983     1.02672
------------------------------------------------------------------------------

Conditional marginal effects                               Number of obs = 753
Model VCE: Robust

Expression: Pr(part), predict()
dy/dx wrt:  educ
At: kidslt6  = .2377158 (mean)
    age      = 42.53785 (mean)
    educ     = 12.28685 (mean)
    nwifeinc = 20.12896 (mean)

------------------------------------------------------------------------------
             |            Delta-method
             |      dy/dx   std. err.      z    P>|z|     [95% conf. interval]
-------------+----------------------------------------------------------------
        educ |   .0620919   .0094174     6.59   0.000      .043634    .0805497
------------------------------------------------------------------------------

Average marginal effects                                   Number of obs = 753
Model VCE: Robust

Expression: Pr(part), predict()
dy/dx wrt:  educ

------------------------------------------------------------------------------
             |            Delta-method
             |      dy/dx   std. err.      z    P>|z|     [95% conf. interval]
-------------+----------------------------------------------------------------
        educ |     .05449   .0075314     7.24   0.000     .0397288    .0692513
------------------------------------------------------------------------------

. 
end of do-file
